[0.011s] Invoking command in '/home/om/trac_kdl_test/build/trac_ik_examples': CMAKE_PREFIX_PATH=/home/om/trac_kdl_test/install/trac_ik_lib:/home/om/trac_kdl_test/install/trac_ik:/home/om/trac_kdl_test/install/trac_ik_examples:/home/om/ros2_ws/install/ur_description:/home/om/ros2_ws/install/ur5_controller:/home/om/ros2_ws/install/trac_ik:/home/om/ros2_ws/install/trac_ik_examples:/home/om/ros2_ws/install/trac_ik_lib:/opt/ros/humble /usr/bin/cmake --build /home/om/trac_kdl_test/build/trac_ik_examples -- -j8 -l8
[0.048s] [35m[1mConsolidate compiler generated dependencies of target ik_tests[0m
[0.067s] [100%] Built target ik_tests
[0.078s] Invoked command in '/home/om/trac_kdl_test/build/trac_ik_examples' returned '0': CMAKE_PREFIX_PATH=/home/om/trac_kdl_test/install/trac_ik_lib:/home/om/trac_kdl_test/install/trac_ik:/home/om/trac_kdl_test/install/trac_ik_examples:/home/om/ros2_ws/install/ur_description:/home/om/ros2_ws/install/ur5_controller:/home/om/ros2_ws/install/trac_ik:/home/om/ros2_ws/install/trac_ik_examples:/home/om/ros2_ws/install/trac_ik_lib:/opt/ros/humble /usr/bin/cmake --build /home/om/trac_kdl_test/build/trac_ik_examples -- -j8 -l8
[0.106s] Invoking command in '/home/om/trac_kdl_test/build/trac_ik_examples': CMAKE_PREFIX_PATH=/home/om/trac_kdl_test/install/trac_ik_lib:/home/om/trac_kdl_test/install/trac_ik:/home/om/trac_kdl_test/install/trac_ik_examples:/home/om/ros2_ws/install/ur_description:/home/om/ros2_ws/install/ur5_controller:/home/om/ros2_ws/install/trac_ik:/home/om/ros2_ws/install/trac_ik_examples:/home/om/ros2_ws/install/trac_ik_lib:/opt/ros/humble /usr/bin/cmake --install /home/om/trac_kdl_test/build/trac_ik_examples
[0.112s] -- Install configuration: ""
[0.112s] -- Up-to-date: /home/om/trac_kdl_test/install/trac_ik_examples/lib/trac_ik_examples/ik_tests
[0.113s] -- Up-to-date: /home/om/trac_kdl_test/install/trac_ik_examples/share/trac_ik_examples/launch
[0.113s] -- Installing: /home/om/trac_kdl_test/install/trac_ik_examples/share/trac_ik_examples/launch/ur5_arm_launch.py
[0.113s] -- Up-to-date: /home/om/trac_kdl_test/install/trac_ik_examples/share/trac_ik_examples/launch/ur5.urdf
[0.113s] -- Up-to-date: /home/om/trac_kdl_test/install/trac_ik_examples/share/trac_ik_examples/launch/pr2.urdf
[0.113s] -- Up-to-date: /home/om/trac_kdl_test/install/trac_ik_examples/share/ament_index/resource_index/package_run_dependencies/trac_ik_examples
[0.113s] -- Up-to-date: /home/om/trac_kdl_test/install/trac_ik_examples/share/ament_index/resource_index/parent_prefix_path/trac_ik_examples
[0.113s] -- Up-to-date: /home/om/trac_kdl_test/install/trac_ik_examples/share/trac_ik_examples/environment/ament_prefix_path.sh
[0.113s] -- Up-to-date: /home/om/trac_kdl_test/install/trac_ik_examples/share/trac_ik_examples/environment/ament_prefix_path.dsv
[0.113s] -- Up-to-date: /home/om/trac_kdl_test/install/trac_ik_examples/share/trac_ik_examples/environment/path.sh
[0.113s] -- Up-to-date: /home/om/trac_kdl_test/install/trac_ik_examples/share/trac_ik_examples/environment/path.dsv
[0.113s] -- Up-to-date: /home/om/trac_kdl_test/install/trac_ik_examples/share/trac_ik_examples/local_setup.bash
[0.114s] -- Up-to-date: /home/om/trac_kdl_test/install/trac_ik_examples/share/trac_ik_examples/local_setup.sh
[0.114s] -- Up-to-date: /home/om/trac_kdl_test/install/trac_ik_examples/share/trac_ik_examples/local_setup.zsh
[0.114s] -- Up-to-date: /home/om/trac_kdl_test/install/trac_ik_examples/share/trac_ik_examples/local_setup.dsv
[0.114s] -- Installing: /home/om/trac_kdl_test/install/trac_ik_examples/share/trac_ik_examples/package.dsv
[0.114s] -- Up-to-date: /home/om/trac_kdl_test/install/trac_ik_examples/share/ament_index/resource_index/packages/trac_ik_examples
[0.114s] -- Up-to-date: /home/om/trac_kdl_test/install/trac_ik_examples/share/trac_ik_examples/cmake/trac_ik_examplesConfig.cmake
[0.114s] -- Up-to-date: /home/om/trac_kdl_test/install/trac_ik_examples/share/trac_ik_examples/cmake/trac_ik_examplesConfig-version.cmake
[0.114s] -- Up-to-date: /home/om/trac_kdl_test/install/trac_ik_examples/share/trac_ik_examples/package.xml
[0.115s] Invoked command in '/home/om/trac_kdl_test/build/trac_ik_examples' returned '0': CMAKE_PREFIX_PATH=/home/om/trac_kdl_test/install/trac_ik_lib:/home/om/trac_kdl_test/install/trac_ik:/home/om/trac_kdl_test/install/trac_ik_examples:/home/om/ros2_ws/install/ur_description:/home/om/ros2_ws/install/ur5_controller:/home/om/ros2_ws/install/trac_ik:/home/om/ros2_ws/install/trac_ik_examples:/home/om/ros2_ws/install/trac_ik_lib:/opt/ros/humble /usr/bin/cmake --install /home/om/trac_kdl_test/build/trac_ik_examples
