[0.010s] Invoking command in '/home/om/trac_kdl_test/build/trac_ik_lib': CMAKE_PREFIX_PATH=${CMAKE_PREFIX_PATH}:/opt/ros/humble /usr/bin/cmake --build /home/om/trac_kdl_test/build/trac_ik_lib -- -j8 -l8
[0.050s] [35m[1mConsolidate compiler generated dependencies of target trac_ik_lib[0m
[0.073s] [100%] Built target trac_ik_lib
[0.082s] Invoked command in '/home/om/trac_kdl_test/build/trac_ik_lib' returned '0': CMAKE_PREFIX_PATH=${CMAKE_PREFIX_PATH}:/opt/ros/humble /usr/bin/cmake --build /home/om/trac_kdl_test/build/trac_ik_lib -- -j8 -l8
[0.117s] Invoking command in '/home/om/trac_kdl_test/build/trac_ik_lib': CMAKE_PREFIX_PATH=${CMAKE_PREFIX_PATH}:/opt/ros/humble /usr/bin/cmake --install /home/om/trac_kdl_test/build/trac_ik_lib
[0.123s] -- Install configuration: ""
[0.123s] -- Up-to-date: /home/om/trac_kdl_test/install/trac_ik_lib/share/trac_ik_lib/environment/library_path.sh
[0.124s] -- Up-to-date: /home/om/trac_kdl_test/install/trac_ik_lib/share/trac_ik_lib/environment/library_path.dsv
[0.124s] -- Up-to-date: /home/om/trac_kdl_test/install/trac_ik_lib/include
[0.124s] -- Up-to-date: /home/om/trac_kdl_test/install/trac_ik_lib/include/trac_ik
[0.124s] -- Up-to-date: /home/om/trac_kdl_test/install/trac_ik_lib/include/trac_ik/trac_ik.hpp
[0.124s] -- Up-to-date: /home/om/trac_kdl_test/install/trac_ik_lib/include/trac_ik/nlopt_ik.hpp
[0.124s] -- Up-to-date: /home/om/trac_kdl_test/install/trac_ik_lib/include/trac_ik/kdl_tl.hpp
[0.124s] -- Up-to-date: /home/om/trac_kdl_test/install/trac_ik_lib/include/trac_ik/math3d.h
[0.124s] -- Up-to-date: /home/om/trac_kdl_test/install/trac_ik_lib/include/trac_ik/visibility_control.hpp
[0.125s] -- Up-to-date: /home/om/trac_kdl_test/install/trac_ik_lib/include/trac_ik/dual_quaternion.h
[0.125s] -- Up-to-date: /home/om/trac_kdl_test/install/trac_ik_lib/lib/libtrac_ik_lib.so
[0.125s] -- Up-to-date: /home/om/trac_kdl_test/install/trac_ik_lib/share/ament_index/resource_index/package_run_dependencies/trac_ik_lib
[0.125s] -- Up-to-date: /home/om/trac_kdl_test/install/trac_ik_lib/share/ament_index/resource_index/parent_prefix_path/trac_ik_lib
[0.125s] -- Up-to-date: /home/om/trac_kdl_test/install/trac_ik_lib/share/trac_ik_lib/environment/ament_prefix_path.sh
[0.125s] -- Up-to-date: /home/om/trac_kdl_test/install/trac_ik_lib/share/trac_ik_lib/environment/ament_prefix_path.dsv
[0.125s] -- Up-to-date: /home/om/trac_kdl_test/install/trac_ik_lib/share/trac_ik_lib/environment/path.sh
[0.125s] -- Up-to-date: /home/om/trac_kdl_test/install/trac_ik_lib/share/trac_ik_lib/environment/path.dsv
[0.125s] -- Up-to-date: /home/om/trac_kdl_test/install/trac_ik_lib/share/trac_ik_lib/local_setup.bash
[0.126s] -- Up-to-date: /home/om/trac_kdl_test/install/trac_ik_lib/share/trac_ik_lib/local_setup.sh
[0.126s] -- Up-to-date: /home/om/trac_kdl_test/install/trac_ik_lib/share/trac_ik_lib/local_setup.zsh
[0.126s] -- Up-to-date: /home/om/trac_kdl_test/install/trac_ik_lib/share/trac_ik_lib/local_setup.dsv
[0.126s] -- Installing: /home/om/trac_kdl_test/install/trac_ik_lib/share/trac_ik_lib/package.dsv
[0.126s] -- Up-to-date: /home/om/trac_kdl_test/install/trac_ik_lib/share/ament_index/resource_index/packages/trac_ik_lib
[0.127s] -- Up-to-date: /home/om/trac_kdl_test/install/trac_ik_lib/share/trac_ik_lib/cmake/export_trac_ik_libExport.cmake
[0.127s] -- Up-to-date: /home/om/trac_kdl_test/install/trac_ik_lib/share/trac_ik_lib/cmake/export_trac_ik_libExport-noconfig.cmake
[0.127s] -- Up-to-date: /home/om/trac_kdl_test/install/trac_ik_lib/share/trac_ik_lib/cmake/ament_cmake_export_targets-extras.cmake
[0.127s] -- Up-to-date: /home/om/trac_kdl_test/install/trac_ik_lib/share/trac_ik_lib/cmake/ament_cmake_export_dependencies-extras.cmake
[0.127s] -- Up-to-date: /home/om/trac_kdl_test/install/trac_ik_lib/share/trac_ik_lib/cmake/trac_ik_libConfig.cmake
[0.127s] -- Up-to-date: /home/om/trac_kdl_test/install/trac_ik_lib/share/trac_ik_lib/cmake/trac_ik_libConfig-version.cmake
[0.127s] -- Up-to-date: /home/om/trac_kdl_test/install/trac_ik_lib/share/trac_ik_lib/package.xml
[0.128s] Invoked command in '/home/om/trac_kdl_test/build/trac_ik_lib' returned '0': CMAKE_PREFIX_PATH=${CMAKE_PREFIX_PATH}:/opt/ros/humble /usr/bin/cmake --install /home/om/trac_kdl_test/build/trac_ik_lib
