[0.011s] Invoking command in '/home/om/trac_kdl_test/build/trac_ik': CMAKE_PREFIX_PATH=/home/om/trac_kdl_test/install/trac_ik_examples:/home/om/trac_kdl_test/install/trac_ik_lib:/home/om/trac_kdl_test/install/trac_ik:/home/om/ros2_ws/install/ur_description:/home/om/ros2_ws/install/ur5_controller:/home/om/ros2_ws/install/trac_ik:/home/om/ros2_ws/install/trac_ik_examples:/home/om/ros2_ws/install/trac_ik_lib:/opt/ros/humble /usr/bin/cmake --build /home/om/trac_kdl_test/build/trac_ik -- -j8 -l8
[0.047s] Invoked command in '/home/om/trac_kdl_test/build/trac_ik' returned '0': CMAKE_PREFIX_PATH=/home/om/trac_kdl_test/install/trac_ik_examples:/home/om/trac_kdl_test/install/trac_ik_lib:/home/om/trac_kdl_test/install/trac_ik:/home/om/ros2_ws/install/ur_description:/home/om/ros2_ws/install/ur5_controller:/home/om/ros2_ws/install/trac_ik:/home/om/ros2_ws/install/trac_ik_examples:/home/om/ros2_ws/install/trac_ik_lib:/opt/ros/humble /usr/bin/cmake --build /home/om/trac_kdl_test/build/trac_ik -- -j8 -l8
[0.072s] Invoking command in '/home/om/trac_kdl_test/build/trac_ik': CMAKE_PREFIX_PATH=/home/om/trac_kdl_test/install/trac_ik_examples:/home/om/trac_kdl_test/install/trac_ik_lib:/home/om/trac_kdl_test/install/trac_ik:/home/om/ros2_ws/install/ur_description:/home/om/ros2_ws/install/ur5_controller:/home/om/ros2_ws/install/trac_ik:/home/om/ros2_ws/install/trac_ik_examples:/home/om/ros2_ws/install/trac_ik_lib:/opt/ros/humble /usr/bin/cmake --install /home/om/trac_kdl_test/build/trac_ik
[0.077s] -- Install configuration: ""
[0.078s] -- Up-to-date: /home/om/trac_kdl_test/install/trac_ik/share/ament_index/resource_index/package_run_dependencies/trac_ik
[0.078s] -- Up-to-date: /home/om/trac_kdl_test/install/trac_ik/share/ament_index/resource_index/parent_prefix_path/trac_ik
[0.078s] -- Up-to-date: /home/om/trac_kdl_test/install/trac_ik/share/trac_ik/environment/ament_prefix_path.sh
[0.078s] -- Up-to-date: /home/om/trac_kdl_test/install/trac_ik/share/trac_ik/environment/ament_prefix_path.dsv
[0.078s] -- Up-to-date: /home/om/trac_kdl_test/install/trac_ik/share/trac_ik/environment/path.sh
[0.078s] -- Up-to-date: /home/om/trac_kdl_test/install/trac_ik/share/trac_ik/environment/path.dsv
[0.078s] -- Up-to-date: /home/om/trac_kdl_test/install/trac_ik/share/trac_ik/local_setup.bash
[0.078s] -- Up-to-date: /home/om/trac_kdl_test/install/trac_ik/share/trac_ik/local_setup.sh
[0.078s] -- Up-to-date: /home/om/trac_kdl_test/install/trac_ik/share/trac_ik/local_setup.zsh
[0.078s] -- Up-to-date: /home/om/trac_kdl_test/install/trac_ik/share/trac_ik/local_setup.dsv
[0.078s] -- Up-to-date: /home/om/trac_kdl_test/install/trac_ik/share/trac_ik/package.dsv
[0.078s] -- Up-to-date: /home/om/trac_kdl_test/install/trac_ik/share/ament_index/resource_index/packages/trac_ik
[0.078s] -- Up-to-date: /home/om/trac_kdl_test/install/trac_ik/share/trac_ik/cmake/trac_ikConfig.cmake
[0.078s] -- Up-to-date: /home/om/trac_kdl_test/install/trac_ik/share/trac_ik/cmake/trac_ikConfig-version.cmake
[0.078s] -- Up-to-date: /home/om/trac_kdl_test/install/trac_ik/share/trac_ik/package.xml
[0.079s] Invoked command in '/home/om/trac_kdl_test/build/trac_ik' returned '0': CMAKE_PREFIX_PATH=/home/om/trac_kdl_test/install/trac_ik_examples:/home/om/trac_kdl_test/install/trac_ik_lib:/home/om/trac_kdl_test/install/trac_ik:/home/om/ros2_ws/install/ur_description:/home/om/ros2_ws/install/ur5_controller:/home/om/ros2_ws/install/trac_ik:/home/om/ros2_ws/install/trac_ik_examples:/home/om/ros2_ws/install/trac_ik_lib:/opt/ros/humble /usr/bin/cmake --install /home/om/trac_kdl_test/build/trac_ik
