[0.010s] Invoking command in '/home/om/trac_kdl_test/build/trac_ik': AMENT_PREFIX_PATH=/home/om/trac_kdl_test/install/trac_ik_examples:/home/om/trac_kdl_test/install/trac_ik_lib:${AMENT_PREFIX_PATH} CMAKE_PREFIX_PATH=/home/om/trac_kdl_test/install/trac_ik_examples:/home/om/trac_kdl_test/install/trac_ik_lib:/home/om/ros2_ws/install/ur_description:/home/om/ros2_ws/install/ur5_controller:/home/om/ros2_ws/install/trac_ik:/home/om/ros2_ws/install/trac_ik_examples:/home/om/ros2_ws/install/trac_ik_lib:/opt/ros/humble LD_LIBRARY_PATH=/home/om/trac_kdl_test/install/trac_ik_lib/lib:${LD_LIBRARY_PATH} /usr/bin/cmake /home/om/trac_kdl_test/src/trac_ik/trac_ik -DCMAKE_INSTALL_PREFIX=/home/om/trac_kdl_test/install/trac_ik
[0.059s] -- The C compiler identification is GNU 11.4.0
[0.109s] -- The CXX compiler identification is GNU 11.4.0
[0.116s] -- Detecting C compiler ABI info
[0.178s] -- Detecting C compiler ABI info - done
[0.184s] -- Check for working C compiler: /usr/bin/cc - skipped
[0.184s] -- Detecting C compile features
[0.185s] -- Detecting C compile features - done
[0.187s] -- Detecting CXX compiler ABI info
[0.256s] -- Detecting CXX compiler ABI info - done
[0.264s] -- Check for working CXX compiler: /usr/bin/c++ - skipped
[0.264s] -- Detecting CXX compile features
[0.264s] -- Detecting CXX compile features - done
[0.267s] -- Found ament_cmake: 1.3.9 (/opt/ros/humble/share/ament_cmake/cmake)
[0.390s] -- Found Python3: /usr/bin/python3 (found version "3.10.12") found components: Interpreter 
[0.515s] -- Configuring done
[0.517s] -- Generating done
[0.517s] -- Build files have been written to: /home/om/trac_kdl_test/build/trac_ik
[0.521s] Invoked command in '/home/om/trac_kdl_test/build/trac_ik' returned '0': AMENT_PREFIX_PATH=/home/om/trac_kdl_test/install/trac_ik_examples:/home/om/trac_kdl_test/install/trac_ik_lib:${AMENT_PREFIX_PATH} CMAKE_PREFIX_PATH=/home/om/trac_kdl_test/install/trac_ik_examples:/home/om/trac_kdl_test/install/trac_ik_lib:/home/om/ros2_ws/install/ur_description:/home/om/ros2_ws/install/ur5_controller:/home/om/ros2_ws/install/trac_ik:/home/om/ros2_ws/install/trac_ik_examples:/home/om/ros2_ws/install/trac_ik_lib:/opt/ros/humble LD_LIBRARY_PATH=/home/om/trac_kdl_test/install/trac_ik_lib/lib:${LD_LIBRARY_PATH} /usr/bin/cmake /home/om/trac_kdl_test/src/trac_ik/trac_ik -DCMAKE_INSTALL_PREFIX=/home/om/trac_kdl_test/install/trac_ik
[0.523s] Invoking command in '/home/om/trac_kdl_test/build/trac_ik': AMENT_PREFIX_PATH=/home/om/trac_kdl_test/install/trac_ik_examples:/home/om/trac_kdl_test/install/trac_ik_lib:${AMENT_PREFIX_PATH} CMAKE_PREFIX_PATH=/home/om/trac_kdl_test/install/trac_ik_examples:/home/om/trac_kdl_test/install/trac_ik_lib:/home/om/ros2_ws/install/ur_description:/home/om/ros2_ws/install/ur5_controller:/home/om/ros2_ws/install/trac_ik:/home/om/ros2_ws/install/trac_ik_examples:/home/om/ros2_ws/install/trac_ik_lib:/opt/ros/humble LD_LIBRARY_PATH=/home/om/trac_kdl_test/install/trac_ik_lib/lib:${LD_LIBRARY_PATH} /usr/bin/cmake --build /home/om/trac_kdl_test/build/trac_ik -- -j8 -l8
[0.559s] Invoked command in '/home/om/trac_kdl_test/build/trac_ik' returned '0': AMENT_PREFIX_PATH=/home/om/trac_kdl_test/install/trac_ik_examples:/home/om/trac_kdl_test/install/trac_ik_lib:${AMENT_PREFIX_PATH} CMAKE_PREFIX_PATH=/home/om/trac_kdl_test/install/trac_ik_examples:/home/om/trac_kdl_test/install/trac_ik_lib:/home/om/ros2_ws/install/ur_description:/home/om/ros2_ws/install/ur5_controller:/home/om/ros2_ws/install/trac_ik:/home/om/ros2_ws/install/trac_ik_examples:/home/om/ros2_ws/install/trac_ik_lib:/opt/ros/humble LD_LIBRARY_PATH=/home/om/trac_kdl_test/install/trac_ik_lib/lib:${LD_LIBRARY_PATH} /usr/bin/cmake --build /home/om/trac_kdl_test/build/trac_ik -- -j8 -l8
[0.581s] Invoking command in '/home/om/trac_kdl_test/build/trac_ik': AMENT_PREFIX_PATH=/home/om/trac_kdl_test/install/trac_ik_examples:/home/om/trac_kdl_test/install/trac_ik_lib:${AMENT_PREFIX_PATH} CMAKE_PREFIX_PATH=/home/om/trac_kdl_test/install/trac_ik_examples:/home/om/trac_kdl_test/install/trac_ik_lib:/home/om/ros2_ws/install/ur_description:/home/om/ros2_ws/install/ur5_controller:/home/om/ros2_ws/install/trac_ik:/home/om/ros2_ws/install/trac_ik_examples:/home/om/ros2_ws/install/trac_ik_lib:/opt/ros/humble LD_LIBRARY_PATH=/home/om/trac_kdl_test/install/trac_ik_lib/lib:${LD_LIBRARY_PATH} /usr/bin/cmake --install /home/om/trac_kdl_test/build/trac_ik
[0.587s] -- Install configuration: ""
[0.588s] -- Installing: /home/om/trac_kdl_test/install/trac_ik/share/ament_index/resource_index/package_run_dependencies/trac_ik
[0.588s] -- Installing: /home/om/trac_kdl_test/install/trac_ik/share/ament_index/resource_index/parent_prefix_path/trac_ik
[0.588s] -- Installing: /home/om/trac_kdl_test/install/trac_ik/share/trac_ik/environment/ament_prefix_path.sh
[0.588s] -- Installing: /home/om/trac_kdl_test/install/trac_ik/share/trac_ik/environment/ament_prefix_path.dsv
[0.588s] -- Installing: /home/om/trac_kdl_test/install/trac_ik/share/trac_ik/environment/path.sh
[0.588s] -- Installing: /home/om/trac_kdl_test/install/trac_ik/share/trac_ik/environment/path.dsv
[0.588s] -- Installing: /home/om/trac_kdl_test/install/trac_ik/share/trac_ik/local_setup.bash
[0.588s] -- Installing: /home/om/trac_kdl_test/install/trac_ik/share/trac_ik/local_setup.sh
[0.588s] -- Installing: /home/om/trac_kdl_test/install/trac_ik/share/trac_ik/local_setup.zsh
[0.589s] -- Installing: /home/om/trac_kdl_test/install/trac_ik/share/trac_ik/local_setup.dsv
[0.589s] -- Installing: /home/om/trac_kdl_test/install/trac_ik/share/trac_ik/package.dsv
[0.589s] -- Installing: /home/om/trac_kdl_test/install/trac_ik/share/ament_index/resource_index/packages/trac_ik
[0.589s] -- Installing: /home/om/trac_kdl_test/install/trac_ik/share/trac_ik/cmake/trac_ikConfig.cmake
[0.589s] -- Installing: /home/om/trac_kdl_test/install/trac_ik/share/trac_ik/cmake/trac_ikConfig-version.cmake
[0.589s] -- Installing: /home/om/trac_kdl_test/install/trac_ik/share/trac_ik/package.xml
[0.591s] Invoked command in '/home/om/trac_kdl_test/build/trac_ik' returned '0': AMENT_PREFIX_PATH=/home/om/trac_kdl_test/install/trac_ik_examples:/home/om/trac_kdl_test/install/trac_ik_lib:${AMENT_PREFIX_PATH} CMAKE_PREFIX_PATH=/home/om/trac_kdl_test/install/trac_ik_examples:/home/om/trac_kdl_test/install/trac_ik_lib:/home/om/ros2_ws/install/ur_description:/home/om/ros2_ws/install/ur5_controller:/home/om/ros2_ws/install/trac_ik:/home/om/ros2_ws/install/trac_ik_examples:/home/om/ros2_ws/install/trac_ik_lib:/opt/ros/humble LD_LIBRARY_PATH=/home/om/trac_kdl_test/install/trac_ik_lib/lib:${LD_LIBRARY_PATH} /usr/bin/cmake --install /home/om/trac_kdl_test/build/trac_ik
