[0.012s] Invoking command in '/home/om/trac_kdl_test/build/trac_ik_lib': CMAKE_PREFIX_PATH=${CMAKE_PREFIX_PATH}:/opt/ros/humble /usr/bin/cmake /home/om/trac_kdl_test/src/trac_ik/trac_ik_lib -DCMAKE_INSTALL_PREFIX=/home/om/trac_kdl_test/install/trac_ik_lib
[0.116s] -- The C compiler identification is GNU 11.4.0
[0.186s] -- The CXX compiler identification is GNU 11.4.0
[0.198s] -- Detecting C compiler ABI info
[0.279s] -- Detecting C compiler ABI info - done
[0.288s] -- Check for working C compiler: /usr/bin/cc - skipped
[0.288s] -- Detecting C compile features
[0.289s] -- Detecting C compile features - done
[0.293s] -- Detecting CXX compiler ABI info
[0.386s] -- Detecting CXX compiler ABI info - done
[0.396s] -- Check for working CXX compiler: /usr/bin/c++ - skipped
[0.396s] -- Detecting CXX compile features
[0.397s] -- Detecting CXX compile features - done
[0.401s] -- Found ament_cmake: 1.3.9 (/opt/ros/humble/share/ament_cmake/cmake)
[0.571s] -- Found Python3: /usr/bin/python3 (found version "3.10.12") found components: Interpreter 
[0.691s] -- Found eigen3_cmake_module: 0.1.1 (/opt/ros/humble/share/eigen3_cmake_module/cmake)
[0.701s] -- Found Eigen3: TRUE (found version "3.4.0") 
[0.704s] -- Found kdl_parser: 2.6.4 (/opt/ros/humble/share/kdl_parser/cmake)
[0.721s] -- Ensuring Eigen3 include directory is part of orocos-kdl CMake target
[0.737s] -- Found rclcpp: 16.0.9 (/opt/ros/humble/share/rclcpp/cmake)
[0.794s] -- Found rosidl_generator_c: 3.1.5 (/opt/ros/humble/share/rosidl_generator_c/cmake)
[0.803s] -- Found rosidl_adapter: 3.1.5 (/opt/ros/humble/share/rosidl_adapter/cmake)
[0.817s] -- Found rosidl_generator_cpp: 3.1.5 (/opt/ros/humble/share/rosidl_generator_cpp/cmake)
[0.840s] -- Using all available rosidl_typesupport_c: rosidl_typesupport_fastrtps_c;rosidl_typesupport_introspection_c
[0.869s] -- Using all available rosidl_typesupport_cpp: rosidl_typesupport_fastrtps_cpp;rosidl_typesupport_introspection_cpp
[0.974s] -- Found rmw_implementation_cmake: 6.1.2 (/opt/ros/humble/share/rmw_implementation_cmake/cmake)
[0.978s] -- Found rmw_cyclonedds_cpp: 1.3.4 (/opt/ros/humble/share/rmw_cyclonedds_cpp/cmake)
[1.029s] -- Using RMW implementation 'rmw_cyclonedds_cpp' as default
[1.043s] -- Looking for pthread.h
[1.131s] -- Looking for pthread.h - found
[1.131s] -- Performing Test CMAKE_HAVE_LIBC_PTHREAD
[1.218s] -- Performing Test CMAKE_HAVE_LIBC_PTHREAD - Success
[1.219s] -- Found Threads: TRUE  
[1.436s] -- Found urdf: 2.6.0 (/opt/ros/humble/share/urdf/cmake)
[1.489s] -- Found ament_lint_auto: 0.12.11 (/opt/ros/humble/share/ament_lint_auto/cmake)
[1.590s] -- Added test 'copyright' to check source files copyright and LICENSE
[1.591s] -- Added test 'cpplint' to check C / C++ code against the Google style
[1.591s] -- Configured cpplint exclude dirs and/or files: 
[1.592s] -- Added test 'lint_cmake' to check CMake code style
[1.593s] -- Added test 'xmllint' to check XML markup files
[1.595s] -- Configuring done
[1.606s] -- Generating done
[1.607s] -- Build files have been written to: /home/om/trac_kdl_test/build/trac_ik_lib
[1.617s] Invoked command in '/home/om/trac_kdl_test/build/trac_ik_lib' returned '0': CMAKE_PREFIX_PATH=${CMAKE_PREFIX_PATH}:/opt/ros/humble /usr/bin/cmake /home/om/trac_kdl_test/src/trac_ik/trac_ik_lib -DCMAKE_INSTALL_PREFIX=/home/om/trac_kdl_test/install/trac_ik_lib
[1.620s] Invoking command in '/home/om/trac_kdl_test/build/trac_ik_lib': CMAKE_PREFIX_PATH=${CMAKE_PREFIX_PATH}:/opt/ros/humble /usr/bin/cmake --build /home/om/trac_kdl_test/build/trac_ik_lib -- -j8 -l8
[1.677s] [ 75%] [32mBuilding CXX object CMakeFiles/trac_ik_lib.dir/src/nlopt_ik.cpp.o[0m
[1.678s] [ 75%] [32mBuilding CXX object CMakeFiles/trac_ik_lib.dir/src/trac_ik.cpp.o[0m
[1.678s] [ 75%] [32mBuilding CXX object CMakeFiles/trac_ik_lib.dir/src/kdl_tl.cpp.o[0m
[12.139s] [100%] [32m[1mLinking CXX shared library libtrac_ik_lib.so[0m
[12.439s] [100%] Built target trac_ik_lib
[12.450s] Invoked command in '/home/om/trac_kdl_test/build/trac_ik_lib' returned '0': CMAKE_PREFIX_PATH=${CMAKE_PREFIX_PATH}:/opt/ros/humble /usr/bin/cmake --build /home/om/trac_kdl_test/build/trac_ik_lib -- -j8 -l8
[12.491s] Invoking command in '/home/om/trac_kdl_test/build/trac_ik_lib': CMAKE_PREFIX_PATH=${CMAKE_PREFIX_PATH}:/opt/ros/humble /usr/bin/cmake --install /home/om/trac_kdl_test/build/trac_ik_lib
[12.498s] -- Install configuration: ""
[12.498s] -- Installing: /home/om/trac_kdl_test/install/trac_ik_lib/share/trac_ik_lib/environment/library_path.sh
[12.498s] -- Installing: /home/om/trac_kdl_test/install/trac_ik_lib/share/trac_ik_lib/environment/library_path.dsv
[12.498s] -- Installing: /home/om/trac_kdl_test/install/trac_ik_lib/include
[12.499s] -- Installing: /home/om/trac_kdl_test/install/trac_ik_lib/include/trac_ik
[12.499s] -- Installing: /home/om/trac_kdl_test/install/trac_ik_lib/include/trac_ik/trac_ik.hpp
[12.499s] -- Installing: /home/om/trac_kdl_test/install/trac_ik_lib/include/trac_ik/nlopt_ik.hpp
[12.499s] -- Installing: /home/om/trac_kdl_test/install/trac_ik_lib/include/trac_ik/kdl_tl.hpp
[12.499s] -- Installing: /home/om/trac_kdl_test/install/trac_ik_lib/include/trac_ik/math3d.h
[12.499s] -- Installing: /home/om/trac_kdl_test/install/trac_ik_lib/include/trac_ik/visibility_control.hpp
[12.499s] -- Installing: /home/om/trac_kdl_test/install/trac_ik_lib/include/trac_ik/dual_quaternion.h
[12.499s] -- Installing: /home/om/trac_kdl_test/install/trac_ik_lib/lib/libtrac_ik_lib.so
[12.502s] -- Set runtime path of "/home/om/trac_kdl_test/install/trac_ik_lib/lib/libtrac_ik_lib.so" to ""
[12.502s] -- Installing: /home/om/trac_kdl_test/install/trac_ik_lib/share/ament_index/resource_index/package_run_dependencies/trac_ik_lib
[12.502s] -- Installing: /home/om/trac_kdl_test/install/trac_ik_lib/share/ament_index/resource_index/parent_prefix_path/trac_ik_lib
[12.503s] -- Installing: /home/om/trac_kdl_test/install/trac_ik_lib/share/trac_ik_lib/environment/ament_prefix_path.sh
[12.503s] -- Installing: /home/om/trac_kdl_test/install/trac_ik_lib/share/trac_ik_lib/environment/ament_prefix_path.dsv
[12.503s] -- Installing: /home/om/trac_kdl_test/install/trac_ik_lib/share/trac_ik_lib/environment/path.sh
[12.503s] -- Installing: /home/om/trac_kdl_test/install/trac_ik_lib/share/trac_ik_lib/environment/path.dsv
[12.503s] -- Installing: /home/om/trac_kdl_test/install/trac_ik_lib/share/trac_ik_lib/local_setup.bash
[12.503s] -- Installing: /home/om/trac_kdl_test/install/trac_ik_lib/share/trac_ik_lib/local_setup.sh
[12.503s] -- Installing: /home/om/trac_kdl_test/install/trac_ik_lib/share/trac_ik_lib/local_setup.zsh
[12.503s] -- Installing: /home/om/trac_kdl_test/install/trac_ik_lib/share/trac_ik_lib/local_setup.dsv
[12.503s] -- Installing: /home/om/trac_kdl_test/install/trac_ik_lib/share/trac_ik_lib/package.dsv
[12.503s] -- Installing: /home/om/trac_kdl_test/install/trac_ik_lib/share/ament_index/resource_index/packages/trac_ik_lib
[12.503s] -- Installing: /home/om/trac_kdl_test/install/trac_ik_lib/share/trac_ik_lib/cmake/export_trac_ik_libExport.cmake
[12.503s] -- Installing: /home/om/trac_kdl_test/install/trac_ik_lib/share/trac_ik_lib/cmake/export_trac_ik_libExport-noconfig.cmake
[12.503s] -- Installing: /home/om/trac_kdl_test/install/trac_ik_lib/share/trac_ik_lib/cmake/ament_cmake_export_targets-extras.cmake
[12.503s] -- Installing: /home/om/trac_kdl_test/install/trac_ik_lib/share/trac_ik_lib/cmake/ament_cmake_export_dependencies-extras.cmake
[12.503s] -- Installing: /home/om/trac_kdl_test/install/trac_ik_lib/share/trac_ik_lib/cmake/trac_ik_libConfig.cmake
[12.503s] -- Installing: /home/om/trac_kdl_test/install/trac_ik_lib/share/trac_ik_lib/cmake/trac_ik_libConfig-version.cmake
[12.503s] -- Installing: /home/om/trac_kdl_test/install/trac_ik_lib/share/trac_ik_lib/package.xml
[12.505s] Invoked command in '/home/om/trac_kdl_test/build/trac_ik_lib' returned '0': CMAKE_PREFIX_PATH=${CMAKE_PREFIX_PATH}:/opt/ros/humble /usr/bin/cmake --install /home/om/trac_kdl_test/build/trac_ik_lib
