[0.107s] DEBUG:colcon:Command line arguments: ['/usr/bin/colcon', 'build']
[0.107s] DEBUG:colcon:Parsed command line arguments: Namespace(log_base=None, log_level=None, verb_name='build', build_base='build', install_base='install', merge_install=False, symlink_install=False, test_result_base=None, continue_on_error=False, executor='parallel', parallel_workers=8, event_handlers=None, ignore_user_meta=False, metas=['./colcon.meta'], base_paths=['.'], packages_ignore=None, packages_ignore_regex=None, paths=None, packages_up_to=None, packages_up_to_regex=None, packages_above=None, packages_above_and_dependencies=None, packages_above_depth=None, packages_select_by_dep=None, packages_skip_by_dep=None, packages_skip_up_to=None, packages_select_build_failed=False, packages_skip_build_finished=False, packages_select_test_failures=False, packages_skip_test_passed=False, packages_select=None, packages_skip=None, packages_select_regex=None, packages_skip_regex=None, packages_start=None, packages_end=None, allow_overriding=[], cmake_args=None, cmake_target=None, cmake_target_skip_unavailable=False, cmake_clean_cache=False, cmake_clean_first=False, cmake_force_configure=False, ament_cmake_args=None, catkin_cmake_args=None, catkin_skip_building_tests=False, verb_parser=<colcon_defaults.argument_parser.defaults.DefaultArgumentsDecorator object at 0x7276fd950d00>, verb_extension=<colcon_core.verb.build.BuildVerb object at 0x7276fd950700>, main=<bound method BuildVerb.main of <colcon_core.verb.build.BuildVerb object at 0x7276fd950700>>)
[0.235s] Level 1:colcon.colcon_core.package_discovery:discover_packages(colcon_meta) check parameters
[0.235s] Level 1:colcon.colcon_core.package_discovery:discover_packages(recursive) check parameters
[0.235s] Level 1:colcon.colcon_core.package_discovery:discover_packages(ignore) check parameters
[0.235s] Level 1:colcon.colcon_core.package_discovery:discover_packages(path) check parameters
[0.235s] Level 1:colcon.colcon_core.package_discovery:discover_packages(colcon_meta) discover
[0.236s] Level 1:colcon.colcon_core.package_discovery:discover_packages(recursive) discover
[0.236s] INFO:colcon.colcon_core.package_discovery:Crawling recursively for packages in '/home/om/trac_kdl_test'
[0.236s] Level 1:colcon.colcon_core.package_identification:_identify(.) by extensions ['ignore', 'ignore_ament_install']
[0.236s] Level 1:colcon.colcon_core.package_identification:_identify(.) by extension 'ignore'
[0.236s] Level 1:colcon.colcon_core.package_identification:_identify(.) by extension 'ignore_ament_install'
[0.236s] Level 1:colcon.colcon_core.package_identification:_identify(.) by extensions ['colcon_pkg']
[0.236s] Level 1:colcon.colcon_core.package_identification:_identify(.) by extension 'colcon_pkg'
[0.236s] Level 1:colcon.colcon_core.package_identification:_identify(.) by extensions ['colcon_meta']
[0.236s] Level 1:colcon.colcon_core.package_identification:_identify(.) by extension 'colcon_meta'
[0.236s] Level 1:colcon.colcon_core.package_identification:_identify(.) by extensions ['ros']
[0.236s] Level 1:colcon.colcon_core.package_identification:_identify(.) by extension 'ros'
[0.245s] Level 1:colcon.colcon_core.package_identification:_identify(.) by extensions ['cmake', 'python']
[0.245s] Level 1:colcon.colcon_core.package_identification:_identify(.) by extension 'cmake'
[0.245s] Level 1:colcon.colcon_core.package_identification:_identify(.) by extension 'python'
[0.245s] Level 1:colcon.colcon_core.package_identification:_identify(.) by extensions ['python_setup_py']
[0.245s] Level 1:colcon.colcon_core.package_identification:_identify(.) by extension 'python_setup_py'
[0.245s] Level 1:colcon.colcon_core.package_identification:_identify(build) by extensions ['ignore', 'ignore_ament_install']
[0.245s] Level 1:colcon.colcon_core.package_identification:_identify(build) by extension 'ignore'
[0.245s] Level 1:colcon.colcon_core.package_identification:_identify(build) ignored
[0.245s] Level 1:colcon.colcon_core.package_identification:_identify(install) by extensions ['ignore', 'ignore_ament_install']
[0.245s] Level 1:colcon.colcon_core.package_identification:_identify(install) by extension 'ignore'
[0.245s] Level 1:colcon.colcon_core.package_identification:_identify(install) ignored
[0.245s] Level 1:colcon.colcon_core.package_identification:_identify(log) by extensions ['ignore', 'ignore_ament_install']
[0.245s] Level 1:colcon.colcon_core.package_identification:_identify(log) by extension 'ignore'
[0.246s] Level 1:colcon.colcon_core.package_identification:_identify(log) ignored
[0.246s] Level 1:colcon.colcon_core.package_identification:_identify(src) by extensions ['ignore', 'ignore_ament_install']
[0.246s] Level 1:colcon.colcon_core.package_identification:_identify(src) by extension 'ignore'
[0.246s] Level 1:colcon.colcon_core.package_identification:_identify(src) by extension 'ignore_ament_install'
[0.246s] Level 1:colcon.colcon_core.package_identification:_identify(src) by extensions ['colcon_pkg']
[0.246s] Level 1:colcon.colcon_core.package_identification:_identify(src) by extension 'colcon_pkg'
[0.246s] Level 1:colcon.colcon_core.package_identification:_identify(src) by extensions ['colcon_meta']
[0.246s] Level 1:colcon.colcon_core.package_identification:_identify(src) by extension 'colcon_meta'
[0.246s] Level 1:colcon.colcon_core.package_identification:_identify(src) by extensions ['ros']
[0.246s] Level 1:colcon.colcon_core.package_identification:_identify(src) by extension 'ros'
[0.246s] Level 1:colcon.colcon_core.package_identification:_identify(src) by extensions ['cmake', 'python']
[0.246s] Level 1:colcon.colcon_core.package_identification:_identify(src) by extension 'cmake'
[0.246s] Level 1:colcon.colcon_core.package_identification:_identify(src) by extension 'python'
[0.246s] Level 1:colcon.colcon_core.package_identification:_identify(src) by extensions ['python_setup_py']
[0.246s] Level 1:colcon.colcon_core.package_identification:_identify(src) by extension 'python_setup_py'
[0.246s] Level 1:colcon.colcon_core.package_identification:_identify(src/trac_ik) by extensions ['ignore', 'ignore_ament_install']
[0.246s] Level 1:colcon.colcon_core.package_identification:_identify(src/trac_ik) by extension 'ignore'
[0.246s] Level 1:colcon.colcon_core.package_identification:_identify(src/trac_ik) by extension 'ignore_ament_install'
[0.246s] Level 1:colcon.colcon_core.package_identification:_identify(src/trac_ik) by extensions ['colcon_pkg']
[0.246s] Level 1:colcon.colcon_core.package_identification:_identify(src/trac_ik) by extension 'colcon_pkg'
[0.246s] Level 1:colcon.colcon_core.package_identification:_identify(src/trac_ik) by extensions ['colcon_meta']
[0.246s] Level 1:colcon.colcon_core.package_identification:_identify(src/trac_ik) by extension 'colcon_meta'
[0.246s] Level 1:colcon.colcon_core.package_identification:_identify(src/trac_ik) by extensions ['ros']
[0.246s] Level 1:colcon.colcon_core.package_identification:_identify(src/trac_ik) by extension 'ros'
[0.246s] Level 1:colcon.colcon_core.package_identification:_identify(src/trac_ik) by extensions ['cmake', 'python']
[0.246s] Level 1:colcon.colcon_core.package_identification:_identify(src/trac_ik) by extension 'cmake'
[0.246s] Level 1:colcon.colcon_core.package_identification:_identify(src/trac_ik) by extension 'python'
[0.246s] Level 1:colcon.colcon_core.package_identification:_identify(src/trac_ik) by extensions ['python_setup_py']
[0.247s] Level 1:colcon.colcon_core.package_identification:_identify(src/trac_ik) by extension 'python_setup_py'
[0.247s] Level 1:colcon.colcon_core.package_identification:_identify(src/trac_ik/trac_ik) by extensions ['ignore', 'ignore_ament_install']
[0.247s] Level 1:colcon.colcon_core.package_identification:_identify(src/trac_ik/trac_ik) by extension 'ignore'
[0.247s] Level 1:colcon.colcon_core.package_identification:_identify(src/trac_ik/trac_ik) by extension 'ignore_ament_install'
[0.247s] Level 1:colcon.colcon_core.package_identification:_identify(src/trac_ik/trac_ik) by extensions ['colcon_pkg']
[0.247s] Level 1:colcon.colcon_core.package_identification:_identify(src/trac_ik/trac_ik) by extension 'colcon_pkg'
[0.247s] Level 1:colcon.colcon_core.package_identification:_identify(src/trac_ik/trac_ik) by extensions ['colcon_meta']
[0.247s] Level 1:colcon.colcon_core.package_identification:_identify(src/trac_ik/trac_ik) by extension 'colcon_meta'
[0.247s] Level 1:colcon.colcon_core.package_identification:_identify(src/trac_ik/trac_ik) by extensions ['ros']
[0.247s] Level 1:colcon.colcon_core.package_identification:_identify(src/trac_ik/trac_ik) by extension 'ros'
[0.249s] DEBUG:colcon.colcon_core.package_identification:Package 'src/trac_ik/trac_ik' with type 'ros.ament_cmake' and name 'trac_ik'
[0.249s] Level 1:colcon.colcon_core.package_identification:_identify(src/trac_ik/trac_ik_examples) by extensions ['ignore', 'ignore_ament_install']
[0.249s] Level 1:colcon.colcon_core.package_identification:_identify(src/trac_ik/trac_ik_examples) by extension 'ignore'
[0.249s] Level 1:colcon.colcon_core.package_identification:_identify(src/trac_ik/trac_ik_examples) by extension 'ignore_ament_install'
[0.249s] Level 1:colcon.colcon_core.package_identification:_identify(src/trac_ik/trac_ik_examples) by extensions ['colcon_pkg']
[0.249s] Level 1:colcon.colcon_core.package_identification:_identify(src/trac_ik/trac_ik_examples) by extension 'colcon_pkg'
[0.249s] Level 1:colcon.colcon_core.package_identification:_identify(src/trac_ik/trac_ik_examples) by extensions ['colcon_meta']
[0.249s] Level 1:colcon.colcon_core.package_identification:_identify(src/trac_ik/trac_ik_examples) by extension 'colcon_meta'
[0.249s] Level 1:colcon.colcon_core.package_identification:_identify(src/trac_ik/trac_ik_examples) by extensions ['ros']
[0.249s] Level 1:colcon.colcon_core.package_identification:_identify(src/trac_ik/trac_ik_examples) by extension 'ros'
[0.250s] DEBUG:colcon.colcon_core.package_identification:Package 'src/trac_ik/trac_ik_examples' with type 'ros.ament_cmake' and name 'trac_ik_examples'
[0.250s] Level 1:colcon.colcon_core.package_identification:_identify(src/trac_ik/trac_ik_kinematics_plugin) by extensions ['ignore', 'ignore_ament_install']
[0.250s] Level 1:colcon.colcon_core.package_identification:_identify(src/trac_ik/trac_ik_kinematics_plugin) by extension 'ignore'
[0.250s] Level 1:colcon.colcon_core.package_identification:_identify(src/trac_ik/trac_ik_kinematics_plugin) ignored
[0.250s] Level 1:colcon.colcon_core.package_identification:_identify(src/trac_ik/trac_ik_lib) by extensions ['ignore', 'ignore_ament_install']
[0.250s] Level 1:colcon.colcon_core.package_identification:_identify(src/trac_ik/trac_ik_lib) by extension 'ignore'
[0.250s] Level 1:colcon.colcon_core.package_identification:_identify(src/trac_ik/trac_ik_lib) by extension 'ignore_ament_install'
[0.250s] Level 1:colcon.colcon_core.package_identification:_identify(src/trac_ik/trac_ik_lib) by extensions ['colcon_pkg']
[0.250s] Level 1:colcon.colcon_core.package_identification:_identify(src/trac_ik/trac_ik_lib) by extension 'colcon_pkg'
[0.250s] Level 1:colcon.colcon_core.package_identification:_identify(src/trac_ik/trac_ik_lib) by extensions ['colcon_meta']
[0.250s] Level 1:colcon.colcon_core.package_identification:_identify(src/trac_ik/trac_ik_lib) by extension 'colcon_meta'
[0.250s] Level 1:colcon.colcon_core.package_identification:_identify(src/trac_ik/trac_ik_lib) by extensions ['ros']
[0.250s] Level 1:colcon.colcon_core.package_identification:_identify(src/trac_ik/trac_ik_lib) by extension 'ros'
[0.251s] DEBUG:colcon.colcon_core.package_identification:Package 'src/trac_ik/trac_ik_lib' with type 'ros.ament_cmake' and name 'trac_ik_lib'
[0.251s] Level 1:colcon.colcon_core.package_identification:_identify(src/trac_ik/trac_ik_python) by extensions ['ignore', 'ignore_ament_install']
[0.251s] Level 1:colcon.colcon_core.package_identification:_identify(src/trac_ik/trac_ik_python) by extension 'ignore'
[0.251s] Level 1:colcon.colcon_core.package_identification:_identify(src/trac_ik/trac_ik_python) ignored
[0.251s] Level 1:colcon.colcon_core.package_discovery:discover_packages(recursive) using defaults
[0.251s] Level 1:colcon.colcon_core.package_discovery:discover_packages(ignore) discover
[0.251s] Level 1:colcon.colcon_core.package_discovery:discover_packages(ignore) using defaults
[0.251s] Level 1:colcon.colcon_core.package_discovery:discover_packages(path) discover
[0.251s] Level 1:colcon.colcon_core.package_discovery:discover_packages(path) using defaults
[0.288s] Level 1:colcon.colcon_core.package_discovery:discover_packages(prefix_path) check parameters
[0.288s] Level 1:colcon.colcon_core.package_discovery:discover_packages(prefix_path) discover
[0.290s] DEBUG:colcon.colcon_installed_package_information.package_discovery:Found 3 installed packages in /home/om/trac_kdl_test/install
[0.290s] DEBUG:colcon.colcon_installed_package_information.package_discovery:Found 5 installed packages in /home/om/ros2_ws/install
[0.292s] DEBUG:colcon.colcon_installed_package_information.package_discovery:Found 385 installed packages in /opt/ros/humble
[0.293s] Level 1:colcon.colcon_core.package_discovery:discover_packages(prefix_path) using defaults
[0.330s] Level 5:colcon.colcon_core.verb:set package 'trac_ik_lib' build argument 'cmake_args' from command line to 'None'
[0.330s] Level 5:colcon.colcon_core.verb:set package 'trac_ik_lib' build argument 'cmake_target' from command line to 'None'
[0.330s] Level 5:colcon.colcon_core.verb:set package 'trac_ik_lib' build argument 'cmake_target_skip_unavailable' from command line to 'False'
[0.330s] Level 5:colcon.colcon_core.verb:set package 'trac_ik_lib' build argument 'cmake_clean_cache' from command line to 'False'
[0.330s] Level 5:colcon.colcon_core.verb:set package 'trac_ik_lib' build argument 'cmake_clean_first' from command line to 'False'
[0.330s] Level 5:colcon.colcon_core.verb:set package 'trac_ik_lib' build argument 'cmake_force_configure' from command line to 'False'
[0.331s] Level 5:colcon.colcon_core.verb:set package 'trac_ik_lib' build argument 'ament_cmake_args' from command line to 'None'
[0.331s] Level 5:colcon.colcon_core.verb:set package 'trac_ik_lib' build argument 'catkin_cmake_args' from command line to 'None'
[0.331s] Level 5:colcon.colcon_core.verb:set package 'trac_ik_lib' build argument 'catkin_skip_building_tests' from command line to 'False'
[0.331s] DEBUG:colcon.colcon_core.verb:Building package 'trac_ik_lib' with the following arguments: {'ament_cmake_args': None, 'build_base': '/home/om/trac_kdl_test/build/trac_ik_lib', 'catkin_cmake_args': None, 'catkin_skip_building_tests': False, 'cmake_args': None, 'cmake_clean_cache': False, 'cmake_clean_first': False, 'cmake_force_configure': False, 'cmake_target': None, 'cmake_target_skip_unavailable': False, 'install_base': '/home/om/trac_kdl_test/install/trac_ik_lib', 'merge_install': False, 'path': '/home/om/trac_kdl_test/src/trac_ik/trac_ik_lib', 'symlink_install': False, 'test_result_base': None}
[0.331s] Level 5:colcon.colcon_core.verb:set package 'trac_ik_examples' build argument 'cmake_args' from command line to 'None'
[0.331s] Level 5:colcon.colcon_core.verb:set package 'trac_ik_examples' build argument 'cmake_target' from command line to 'None'
[0.331s] Level 5:colcon.colcon_core.verb:set package 'trac_ik_examples' build argument 'cmake_target_skip_unavailable' from command line to 'False'
[0.331s] Level 5:colcon.colcon_core.verb:set package 'trac_ik_examples' build argument 'cmake_clean_cache' from command line to 'False'
[0.331s] Level 5:colcon.colcon_core.verb:set package 'trac_ik_examples' build argument 'cmake_clean_first' from command line to 'False'
[0.331s] Level 5:colcon.colcon_core.verb:set package 'trac_ik_examples' build argument 'cmake_force_configure' from command line to 'False'
[0.331s] Level 5:colcon.colcon_core.verb:set package 'trac_ik_examples' build argument 'ament_cmake_args' from command line to 'None'
[0.331s] Level 5:colcon.colcon_core.verb:set package 'trac_ik_examples' build argument 'catkin_cmake_args' from command line to 'None'
[0.331s] Level 5:colcon.colcon_core.verb:set package 'trac_ik_examples' build argument 'catkin_skip_building_tests' from command line to 'False'
[0.331s] DEBUG:colcon.colcon_core.verb:Building package 'trac_ik_examples' with the following arguments: {'ament_cmake_args': None, 'build_base': '/home/om/trac_kdl_test/build/trac_ik_examples', 'catkin_cmake_args': None, 'catkin_skip_building_tests': False, 'cmake_args': None, 'cmake_clean_cache': False, 'cmake_clean_first': False, 'cmake_force_configure': False, 'cmake_target': None, 'cmake_target_skip_unavailable': False, 'install_base': '/home/om/trac_kdl_test/install/trac_ik_examples', 'merge_install': False, 'path': '/home/om/trac_kdl_test/src/trac_ik/trac_ik_examples', 'symlink_install': False, 'test_result_base': None}
[0.331s] Level 5:colcon.colcon_core.verb:set package 'trac_ik' build argument 'cmake_args' from command line to 'None'
[0.331s] Level 5:colcon.colcon_core.verb:set package 'trac_ik' build argument 'cmake_target' from command line to 'None'
[0.331s] Level 5:colcon.colcon_core.verb:set package 'trac_ik' build argument 'cmake_target_skip_unavailable' from command line to 'False'
[0.331s] Level 5:colcon.colcon_core.verb:set package 'trac_ik' build argument 'cmake_clean_cache' from command line to 'False'
[0.331s] Level 5:colcon.colcon_core.verb:set package 'trac_ik' build argument 'cmake_clean_first' from command line to 'False'
[0.331s] Level 5:colcon.colcon_core.verb:set package 'trac_ik' build argument 'cmake_force_configure' from command line to 'False'
[0.331s] Level 5:colcon.colcon_core.verb:set package 'trac_ik' build argument 'ament_cmake_args' from command line to 'None'
[0.331s] Level 5:colcon.colcon_core.verb:set package 'trac_ik' build argument 'catkin_cmake_args' from command line to 'None'
[0.331s] Level 5:colcon.colcon_core.verb:set package 'trac_ik' build argument 'catkin_skip_building_tests' from command line to 'False'
[0.331s] DEBUG:colcon.colcon_core.verb:Building package 'trac_ik' with the following arguments: {'ament_cmake_args': None, 'build_base': '/home/om/trac_kdl_test/build/trac_ik', 'catkin_cmake_args': None, 'catkin_skip_building_tests': False, 'cmake_args': None, 'cmake_clean_cache': False, 'cmake_clean_first': False, 'cmake_force_configure': False, 'cmake_target': None, 'cmake_target_skip_unavailable': False, 'install_base': '/home/om/trac_kdl_test/install/trac_ik', 'merge_install': False, 'path': '/home/om/trac_kdl_test/src/trac_ik/trac_ik', 'symlink_install': False, 'test_result_base': None}
[0.332s] INFO:colcon.colcon_core.executor:Executing jobs using 'parallel' executor
[0.332s] DEBUG:colcon.colcon_parallel_executor.executor.parallel:run_until_complete
[0.333s] INFO:colcon.colcon_ros.task.ament_cmake.build:Building ROS package in '/home/om/trac_kdl_test/src/trac_ik/trac_ik_lib' with build type 'ament_cmake'
[0.333s] INFO:colcon.colcon_cmake.task.cmake.build:Building CMake package in '/home/om/trac_kdl_test/src/trac_ik/trac_ik_lib'
[0.335s] INFO:colcon.colcon_core.plugin_system:Skipping extension 'colcon_core.shell.bat': Not used on non-Windows systems
[0.335s] INFO:colcon.colcon_core.shell:Skip shell extension 'powershell' for command environment: Not usable outside of PowerShell
[0.335s] DEBUG:colcon.colcon_core.shell:Skip shell extension 'dsv' for command environment
[0.344s] DEBUG:colcon.colcon_core.event_handler.log_command:Invoking command in '/home/om/trac_kdl_test/build/trac_ik_lib': CMAKE_PREFIX_PATH=${CMAKE_PREFIX_PATH}:/opt/ros/humble /usr/bin/cmake --build /home/om/trac_kdl_test/build/trac_ik_lib -- -j8 -l8
[0.416s] DEBUG:colcon.colcon_core.event_handler.log_command:Invoked command in '/home/om/trac_kdl_test/build/trac_ik_lib' returned '0': CMAKE_PREFIX_PATH=${CMAKE_PREFIX_PATH}:/opt/ros/humble /usr/bin/cmake --build /home/om/trac_kdl_test/build/trac_ik_lib -- -j8 -l8
[0.451s] DEBUG:colcon.colcon_core.event_handler.log_command:Invoking command in '/home/om/trac_kdl_test/build/trac_ik_lib': CMAKE_PREFIX_PATH=${CMAKE_PREFIX_PATH}:/opt/ros/humble /usr/bin/cmake --install /home/om/trac_kdl_test/build/trac_ik_lib
[0.460s] Level 1:colcon.colcon_core.environment:create_environment_scripts_only(trac_ik_lib)
[0.461s] DEBUG:colcon.colcon_core.event_handler.log_command:Invoked command in '/home/om/trac_kdl_test/build/trac_ik_lib' returned '0': CMAKE_PREFIX_PATH=${CMAKE_PREFIX_PATH}:/opt/ros/humble /usr/bin/cmake --install /home/om/trac_kdl_test/build/trac_ik_lib
[0.462s] Level 1:colcon.colcon_core.environment:checking '/home/om/trac_kdl_test/install/trac_ik_lib' for CMake module files
[0.463s] Level 1:colcon.colcon_core.environment:checking '/home/om/trac_kdl_test/install/trac_ik_lib' for CMake config files
[0.463s] Level 1:colcon.colcon_core.shell:create_environment_hook('trac_ik_lib', 'cmake_prefix_path')
[0.463s] INFO:colcon.colcon_core.shell:Creating environment hook '/home/om/trac_kdl_test/install/trac_ik_lib/share/trac_ik_lib/hook/cmake_prefix_path.ps1'
[0.463s] INFO:colcon.colcon_core.shell:Creating environment descriptor '/home/om/trac_kdl_test/install/trac_ik_lib/share/trac_ik_lib/hook/cmake_prefix_path.dsv'
[0.464s] INFO:colcon.colcon_core.shell:Creating environment hook '/home/om/trac_kdl_test/install/trac_ik_lib/share/trac_ik_lib/hook/cmake_prefix_path.sh'
[0.464s] Level 1:colcon.colcon_core.environment:checking '/home/om/trac_kdl_test/install/trac_ik_lib/lib'
[0.464s] Level 1:colcon.colcon_core.shell:create_environment_hook('trac_ik_lib', 'ld_library_path_lib')
[0.465s] INFO:colcon.colcon_core.shell:Creating environment hook '/home/om/trac_kdl_test/install/trac_ik_lib/share/trac_ik_lib/hook/ld_library_path_lib.ps1'
[0.465s] INFO:colcon.colcon_core.shell:Creating environment descriptor '/home/om/trac_kdl_test/install/trac_ik_lib/share/trac_ik_lib/hook/ld_library_path_lib.dsv'
[0.466s] INFO:colcon.colcon_core.shell:Creating environment hook '/home/om/trac_kdl_test/install/trac_ik_lib/share/trac_ik_lib/hook/ld_library_path_lib.sh'
[0.467s] Level 1:colcon.colcon_core.environment:checking '/home/om/trac_kdl_test/install/trac_ik_lib/bin'
[0.467s] Level 1:colcon.colcon_core.environment:checking '/home/om/trac_kdl_test/install/trac_ik_lib/lib/pkgconfig/trac_ik_lib.pc'
[0.467s] Level 1:colcon.colcon_core.environment:checking '/home/om/trac_kdl_test/install/trac_ik_lib/lib/python3.10/site-packages'
[0.467s] Level 1:colcon.colcon_core.environment:checking '/home/om/trac_kdl_test/install/trac_ik_lib/bin'
[0.468s] INFO:colcon.colcon_core.shell:Creating package script '/home/om/trac_kdl_test/install/trac_ik_lib/share/trac_ik_lib/package.ps1'
[0.468s] INFO:colcon.colcon_core.shell:Creating package descriptor '/home/om/trac_kdl_test/install/trac_ik_lib/share/trac_ik_lib/package.dsv'
[0.469s] INFO:colcon.colcon_core.shell:Creating package script '/home/om/trac_kdl_test/install/trac_ik_lib/share/trac_ik_lib/package.sh'
[0.470s] INFO:colcon.colcon_core.shell:Creating package script '/home/om/trac_kdl_test/install/trac_ik_lib/share/trac_ik_lib/package.bash'
[0.470s] INFO:colcon.colcon_core.shell:Creating package script '/home/om/trac_kdl_test/install/trac_ik_lib/share/trac_ik_lib/package.zsh'
[0.471s] Level 1:colcon.colcon_core.environment:create_file_with_runtime_dependencies(/home/om/trac_kdl_test/install/trac_ik_lib/share/colcon-core/packages/trac_ik_lib)
[0.499s] Level 1:colcon.colcon_core.environment:create_environment_scripts_only(trac_ik_lib)
[0.500s] Level 1:colcon.colcon_core.environment:checking '/home/om/trac_kdl_test/install/trac_ik_lib' for CMake module files
[0.500s] Level 1:colcon.colcon_core.environment:checking '/home/om/trac_kdl_test/install/trac_ik_lib' for CMake config files
[0.500s] Level 1:colcon.colcon_core.shell:create_environment_hook('trac_ik_lib', 'cmake_prefix_path')
[0.500s] INFO:colcon.colcon_core.shell:Creating environment hook '/home/om/trac_kdl_test/install/trac_ik_lib/share/trac_ik_lib/hook/cmake_prefix_path.ps1'
[0.501s] INFO:colcon.colcon_core.shell:Creating environment descriptor '/home/om/trac_kdl_test/install/trac_ik_lib/share/trac_ik_lib/hook/cmake_prefix_path.dsv'
[0.501s] INFO:colcon.colcon_core.shell:Creating environment hook '/home/om/trac_kdl_test/install/trac_ik_lib/share/trac_ik_lib/hook/cmake_prefix_path.sh'
[0.501s] Level 1:colcon.colcon_core.environment:checking '/home/om/trac_kdl_test/install/trac_ik_lib/lib'
[0.501s] Level 1:colcon.colcon_core.shell:create_environment_hook('trac_ik_lib', 'ld_library_path_lib')
[0.502s] INFO:colcon.colcon_core.shell:Creating environment hook '/home/om/trac_kdl_test/install/trac_ik_lib/share/trac_ik_lib/hook/ld_library_path_lib.ps1'
[0.502s] INFO:colcon.colcon_core.shell:Creating environment descriptor '/home/om/trac_kdl_test/install/trac_ik_lib/share/trac_ik_lib/hook/ld_library_path_lib.dsv'
[0.502s] INFO:colcon.colcon_core.shell:Creating environment hook '/home/om/trac_kdl_test/install/trac_ik_lib/share/trac_ik_lib/hook/ld_library_path_lib.sh'
[0.502s] Level 1:colcon.colcon_core.environment:checking '/home/om/trac_kdl_test/install/trac_ik_lib/bin'
[0.502s] Level 1:colcon.colcon_core.environment:checking '/home/om/trac_kdl_test/install/trac_ik_lib/lib/pkgconfig/trac_ik_lib.pc'
[0.503s] Level 1:colcon.colcon_core.environment:checking '/home/om/trac_kdl_test/install/trac_ik_lib/lib/python3.10/site-packages'
[0.503s] Level 1:colcon.colcon_core.environment:checking '/home/om/trac_kdl_test/install/trac_ik_lib/bin'
[0.503s] INFO:colcon.colcon_core.shell:Creating package script '/home/om/trac_kdl_test/install/trac_ik_lib/share/trac_ik_lib/package.ps1'
[0.504s] INFO:colcon.colcon_core.shell:Creating package descriptor '/home/om/trac_kdl_test/install/trac_ik_lib/share/trac_ik_lib/package.dsv'
[0.504s] INFO:colcon.colcon_core.shell:Creating package script '/home/om/trac_kdl_test/install/trac_ik_lib/share/trac_ik_lib/package.sh'
[0.504s] INFO:colcon.colcon_core.shell:Creating package script '/home/om/trac_kdl_test/install/trac_ik_lib/share/trac_ik_lib/package.bash'
[0.504s] INFO:colcon.colcon_core.shell:Creating package script '/home/om/trac_kdl_test/install/trac_ik_lib/share/trac_ik_lib/package.zsh'
[0.505s] Level 1:colcon.colcon_core.environment:create_file_with_runtime_dependencies(/home/om/trac_kdl_test/install/trac_ik_lib/share/colcon-core/packages/trac_ik_lib)
[0.505s] INFO:colcon.colcon_ros.task.ament_cmake.build:Building ROS package in '/home/om/trac_kdl_test/src/trac_ik/trac_ik_examples' with build type 'ament_cmake'
[0.505s] INFO:colcon.colcon_cmake.task.cmake.build:Building CMake package in '/home/om/trac_kdl_test/src/trac_ik/trac_ik_examples'
[0.505s] INFO:colcon.colcon_core.shell:Skip shell extension 'powershell' for command environment: Not usable outside of PowerShell
[0.505s] DEBUG:colcon.colcon_core.shell:Skip shell extension 'dsv' for command environment
[0.517s] DEBUG:colcon.colcon_core.event_handler.log_command:Invoking command in '/home/om/trac_kdl_test/build/trac_ik_examples': CMAKE_PREFIX_PATH=/home/om/trac_kdl_test/install/trac_ik_lib:/home/om/trac_kdl_test/install/trac_ik:/home/om/trac_kdl_test/install/trac_ik_examples:/home/om/ros2_ws/install/ur_description:/home/om/ros2_ws/install/ur5_controller:/home/om/ros2_ws/install/trac_ik:/home/om/ros2_ws/install/trac_ik_examples:/home/om/ros2_ws/install/trac_ik_lib:/opt/ros/humble /usr/bin/cmake --build /home/om/trac_kdl_test/build/trac_ik_examples -- -j8 -l8
[0.584s] DEBUG:colcon.colcon_core.event_handler.log_command:Invoked command in '/home/om/trac_kdl_test/build/trac_ik_examples' returned '0': CMAKE_PREFIX_PATH=/home/om/trac_kdl_test/install/trac_ik_lib:/home/om/trac_kdl_test/install/trac_ik:/home/om/trac_kdl_test/install/trac_ik_examples:/home/om/ros2_ws/install/ur_description:/home/om/ros2_ws/install/ur5_controller:/home/om/ros2_ws/install/trac_ik:/home/om/ros2_ws/install/trac_ik_examples:/home/om/ros2_ws/install/trac_ik_lib:/opt/ros/humble /usr/bin/cmake --build /home/om/trac_kdl_test/build/trac_ik_examples -- -j8 -l8
[0.613s] DEBUG:colcon.colcon_core.event_handler.log_command:Invoking command in '/home/om/trac_kdl_test/build/trac_ik_examples': CMAKE_PREFIX_PATH=/home/om/trac_kdl_test/install/trac_ik_lib:/home/om/trac_kdl_test/install/trac_ik:/home/om/trac_kdl_test/install/trac_ik_examples:/home/om/ros2_ws/install/ur_description:/home/om/ros2_ws/install/ur5_controller:/home/om/ros2_ws/install/trac_ik:/home/om/ros2_ws/install/trac_ik_examples:/home/om/ros2_ws/install/trac_ik_lib:/opt/ros/humble /usr/bin/cmake --install /home/om/trac_kdl_test/build/trac_ik_examples
[0.621s] Level 1:colcon.colcon_core.environment:create_environment_scripts_only(trac_ik_examples)
[0.621s] Level 1:colcon.colcon_core.environment:checking '/home/om/trac_kdl_test/install/trac_ik_examples' for CMake module files
[0.621s] DEBUG:colcon.colcon_core.event_handler.log_command:Invoked command in '/home/om/trac_kdl_test/build/trac_ik_examples' returned '0': CMAKE_PREFIX_PATH=/home/om/trac_kdl_test/install/trac_ik_lib:/home/om/trac_kdl_test/install/trac_ik:/home/om/trac_kdl_test/install/trac_ik_examples:/home/om/ros2_ws/install/ur_description:/home/om/ros2_ws/install/ur5_controller:/home/om/ros2_ws/install/trac_ik:/home/om/ros2_ws/install/trac_ik_examples:/home/om/ros2_ws/install/trac_ik_lib:/opt/ros/humble /usr/bin/cmake --install /home/om/trac_kdl_test/build/trac_ik_examples
[0.622s] Level 1:colcon.colcon_core.environment:checking '/home/om/trac_kdl_test/install/trac_ik_examples' for CMake config files
[0.622s] Level 1:colcon.colcon_core.shell:create_environment_hook('trac_ik_examples', 'cmake_prefix_path')
[0.622s] INFO:colcon.colcon_core.shell:Creating environment hook '/home/om/trac_kdl_test/install/trac_ik_examples/share/trac_ik_examples/hook/cmake_prefix_path.ps1'
[0.623s] INFO:colcon.colcon_core.shell:Creating environment descriptor '/home/om/trac_kdl_test/install/trac_ik_examples/share/trac_ik_examples/hook/cmake_prefix_path.dsv'
[0.623s] INFO:colcon.colcon_core.shell:Creating environment hook '/home/om/trac_kdl_test/install/trac_ik_examples/share/trac_ik_examples/hook/cmake_prefix_path.sh'
[0.623s] Level 1:colcon.colcon_core.environment:checking '/home/om/trac_kdl_test/install/trac_ik_examples/lib'
[0.623s] Level 1:colcon.colcon_core.environment:checking '/home/om/trac_kdl_test/install/trac_ik_examples/bin'
[0.623s] Level 1:colcon.colcon_core.environment:checking '/home/om/trac_kdl_test/install/trac_ik_examples/lib/pkgconfig/trac_ik_examples.pc'
[0.623s] Level 1:colcon.colcon_core.environment:checking '/home/om/trac_kdl_test/install/trac_ik_examples/lib/python3.10/site-packages'
[0.624s] Level 1:colcon.colcon_core.environment:checking '/home/om/trac_kdl_test/install/trac_ik_examples/bin'
[0.624s] INFO:colcon.colcon_core.shell:Creating package script '/home/om/trac_kdl_test/install/trac_ik_examples/share/trac_ik_examples/package.ps1'
[0.624s] INFO:colcon.colcon_core.shell:Creating package descriptor '/home/om/trac_kdl_test/install/trac_ik_examples/share/trac_ik_examples/package.dsv'
[0.624s] INFO:colcon.colcon_core.shell:Creating package script '/home/om/trac_kdl_test/install/trac_ik_examples/share/trac_ik_examples/package.sh'
[0.625s] INFO:colcon.colcon_core.shell:Creating package script '/home/om/trac_kdl_test/install/trac_ik_examples/share/trac_ik_examples/package.bash'
[0.625s] INFO:colcon.colcon_core.shell:Creating package script '/home/om/trac_kdl_test/install/trac_ik_examples/share/trac_ik_examples/package.zsh'
[0.625s] Level 1:colcon.colcon_core.environment:create_file_with_runtime_dependencies(/home/om/trac_kdl_test/install/trac_ik_examples/share/colcon-core/packages/trac_ik_examples)
[0.646s] Level 1:colcon.colcon_core.environment:create_environment_scripts_only(trac_ik_examples)
[0.646s] Level 1:colcon.colcon_core.environment:checking '/home/om/trac_kdl_test/install/trac_ik_examples' for CMake module files
[0.647s] Level 1:colcon.colcon_core.environment:checking '/home/om/trac_kdl_test/install/trac_ik_examples' for CMake config files
[0.647s] Level 1:colcon.colcon_core.shell:create_environment_hook('trac_ik_examples', 'cmake_prefix_path')
[0.647s] INFO:colcon.colcon_core.shell:Creating environment hook '/home/om/trac_kdl_test/install/trac_ik_examples/share/trac_ik_examples/hook/cmake_prefix_path.ps1'
[0.647s] INFO:colcon.colcon_core.shell:Creating environment descriptor '/home/om/trac_kdl_test/install/trac_ik_examples/share/trac_ik_examples/hook/cmake_prefix_path.dsv'
[0.648s] INFO:colcon.colcon_core.shell:Creating environment hook '/home/om/trac_kdl_test/install/trac_ik_examples/share/trac_ik_examples/hook/cmake_prefix_path.sh'
[0.648s] Level 1:colcon.colcon_core.environment:checking '/home/om/trac_kdl_test/install/trac_ik_examples/lib'
[0.648s] Level 1:colcon.colcon_core.environment:checking '/home/om/trac_kdl_test/install/trac_ik_examples/bin'
[0.648s] Level 1:colcon.colcon_core.environment:checking '/home/om/trac_kdl_test/install/trac_ik_examples/lib/pkgconfig/trac_ik_examples.pc'
[0.648s] Level 1:colcon.colcon_core.environment:checking '/home/om/trac_kdl_test/install/trac_ik_examples/lib/python3.10/site-packages'
[0.649s] Level 1:colcon.colcon_core.environment:checking '/home/om/trac_kdl_test/install/trac_ik_examples/bin'
[0.649s] INFO:colcon.colcon_core.shell:Creating package script '/home/om/trac_kdl_test/install/trac_ik_examples/share/trac_ik_examples/package.ps1'
[0.649s] INFO:colcon.colcon_core.shell:Creating package descriptor '/home/om/trac_kdl_test/install/trac_ik_examples/share/trac_ik_examples/package.dsv'
[0.650s] INFO:colcon.colcon_core.shell:Creating package script '/home/om/trac_kdl_test/install/trac_ik_examples/share/trac_ik_examples/package.sh'
[0.650s] INFO:colcon.colcon_core.shell:Creating package script '/home/om/trac_kdl_test/install/trac_ik_examples/share/trac_ik_examples/package.bash'
[0.650s] INFO:colcon.colcon_core.shell:Creating package script '/home/om/trac_kdl_test/install/trac_ik_examples/share/trac_ik_examples/package.zsh'
[0.651s] Level 1:colcon.colcon_core.environment:create_file_with_runtime_dependencies(/home/om/trac_kdl_test/install/trac_ik_examples/share/colcon-core/packages/trac_ik_examples)
[0.651s] INFO:colcon.colcon_ros.task.ament_cmake.build:Building ROS package in '/home/om/trac_kdl_test/src/trac_ik/trac_ik' with build type 'ament_cmake'
[0.651s] INFO:colcon.colcon_cmake.task.cmake.build:Building CMake package in '/home/om/trac_kdl_test/src/trac_ik/trac_ik'
[0.651s] INFO:colcon.colcon_core.shell:Skip shell extension 'powershell' for command environment: Not usable outside of PowerShell
[0.651s] DEBUG:colcon.colcon_core.shell:Skip shell extension 'dsv' for command environment
[0.663s] DEBUG:colcon.colcon_core.event_handler.log_command:Invoking command in '/home/om/trac_kdl_test/build/trac_ik': CMAKE_PREFIX_PATH=/home/om/trac_kdl_test/install/trac_ik_examples:/home/om/trac_kdl_test/install/trac_ik_lib:/home/om/trac_kdl_test/install/trac_ik:/home/om/ros2_ws/install/ur_description:/home/om/ros2_ws/install/ur5_controller:/home/om/ros2_ws/install/trac_ik:/home/om/ros2_ws/install/trac_ik_examples:/home/om/ros2_ws/install/trac_ik_lib:/opt/ros/humble /usr/bin/cmake --build /home/om/trac_kdl_test/build/trac_ik -- -j8 -l8
[0.699s] DEBUG:colcon.colcon_core.event_handler.log_command:Invoked command in '/home/om/trac_kdl_test/build/trac_ik' returned '0': CMAKE_PREFIX_PATH=/home/om/trac_kdl_test/install/trac_ik_examples:/home/om/trac_kdl_test/install/trac_ik_lib:/home/om/trac_kdl_test/install/trac_ik:/home/om/ros2_ws/install/ur_description:/home/om/ros2_ws/install/ur5_controller:/home/om/ros2_ws/install/trac_ik:/home/om/ros2_ws/install/trac_ik_examples:/home/om/ros2_ws/install/trac_ik_lib:/opt/ros/humble /usr/bin/cmake --build /home/om/trac_kdl_test/build/trac_ik -- -j8 -l8
[0.724s] DEBUG:colcon.colcon_core.event_handler.log_command:Invoking command in '/home/om/trac_kdl_test/build/trac_ik': CMAKE_PREFIX_PATH=/home/om/trac_kdl_test/install/trac_ik_examples:/home/om/trac_kdl_test/install/trac_ik_lib:/home/om/trac_kdl_test/install/trac_ik:/home/om/ros2_ws/install/ur_description:/home/om/ros2_ws/install/ur5_controller:/home/om/ros2_ws/install/trac_ik:/home/om/ros2_ws/install/trac_ik_examples:/home/om/ros2_ws/install/trac_ik_lib:/opt/ros/humble /usr/bin/cmake --install /home/om/trac_kdl_test/build/trac_ik
[0.731s] Level 1:colcon.colcon_core.environment:create_environment_scripts_only(trac_ik)
[0.731s] Level 1:colcon.colcon_core.environment:checking '/home/om/trac_kdl_test/install/trac_ik' for CMake module files
[0.732s] DEBUG:colcon.colcon_core.event_handler.log_command:Invoked command in '/home/om/trac_kdl_test/build/trac_ik' returned '0': CMAKE_PREFIX_PATH=/home/om/trac_kdl_test/install/trac_ik_examples:/home/om/trac_kdl_test/install/trac_ik_lib:/home/om/trac_kdl_test/install/trac_ik:/home/om/ros2_ws/install/ur_description:/home/om/ros2_ws/install/ur5_controller:/home/om/ros2_ws/install/trac_ik:/home/om/ros2_ws/install/trac_ik_examples:/home/om/ros2_ws/install/trac_ik_lib:/opt/ros/humble /usr/bin/cmake --install /home/om/trac_kdl_test/build/trac_ik
[0.732s] Level 1:colcon.colcon_core.environment:checking '/home/om/trac_kdl_test/install/trac_ik' for CMake config files
[0.732s] Level 1:colcon.colcon_core.shell:create_environment_hook('trac_ik', 'cmake_prefix_path')
[0.732s] INFO:colcon.colcon_core.shell:Creating environment hook '/home/om/trac_kdl_test/install/trac_ik/share/trac_ik/hook/cmake_prefix_path.ps1'
[0.733s] INFO:colcon.colcon_core.shell:Creating environment descriptor '/home/om/trac_kdl_test/install/trac_ik/share/trac_ik/hook/cmake_prefix_path.dsv'
[0.733s] INFO:colcon.colcon_core.shell:Creating environment hook '/home/om/trac_kdl_test/install/trac_ik/share/trac_ik/hook/cmake_prefix_path.sh'
[0.733s] Level 1:colcon.colcon_core.environment:checking '/home/om/trac_kdl_test/install/trac_ik/bin'
[0.733s] Level 1:colcon.colcon_core.environment:checking '/home/om/trac_kdl_test/install/trac_ik/lib/pkgconfig/trac_ik.pc'
[0.734s] Level 1:colcon.colcon_core.environment:checking '/home/om/trac_kdl_test/install/trac_ik/lib/python3.10/site-packages'
[0.734s] Level 1:colcon.colcon_core.environment:checking '/home/om/trac_kdl_test/install/trac_ik/bin'
[0.734s] INFO:colcon.colcon_core.shell:Creating package script '/home/om/trac_kdl_test/install/trac_ik/share/trac_ik/package.ps1'
[0.734s] INFO:colcon.colcon_core.shell:Creating package descriptor '/home/om/trac_kdl_test/install/trac_ik/share/trac_ik/package.dsv'
[0.735s] INFO:colcon.colcon_core.shell:Creating package script '/home/om/trac_kdl_test/install/trac_ik/share/trac_ik/package.sh'
[0.735s] INFO:colcon.colcon_core.shell:Creating package script '/home/om/trac_kdl_test/install/trac_ik/share/trac_ik/package.bash'
[0.735s] INFO:colcon.colcon_core.shell:Creating package script '/home/om/trac_kdl_test/install/trac_ik/share/trac_ik/package.zsh'
[0.735s] Level 1:colcon.colcon_core.environment:create_file_with_runtime_dependencies(/home/om/trac_kdl_test/install/trac_ik/share/colcon-core/packages/trac_ik)
[0.756s] Level 1:colcon.colcon_core.environment:create_environment_scripts_only(trac_ik)
[0.756s] Level 1:colcon.colcon_core.environment:checking '/home/om/trac_kdl_test/install/trac_ik' for CMake module files
[0.756s] Level 1:colcon.colcon_core.environment:checking '/home/om/trac_kdl_test/install/trac_ik' for CMake config files
[0.757s] Level 1:colcon.colcon_core.shell:create_environment_hook('trac_ik', 'cmake_prefix_path')
[0.757s] INFO:colcon.colcon_core.shell:Creating environment hook '/home/om/trac_kdl_test/install/trac_ik/share/trac_ik/hook/cmake_prefix_path.ps1'
[0.757s] INFO:colcon.colcon_core.shell:Creating environment descriptor '/home/om/trac_kdl_test/install/trac_ik/share/trac_ik/hook/cmake_prefix_path.dsv'
[0.757s] INFO:colcon.colcon_core.shell:Creating environment hook '/home/om/trac_kdl_test/install/trac_ik/share/trac_ik/hook/cmake_prefix_path.sh'
[0.758s] Level 1:colcon.colcon_core.environment:checking '/home/om/trac_kdl_test/install/trac_ik/bin'
[0.758s] Level 1:colcon.colcon_core.environment:checking '/home/om/trac_kdl_test/install/trac_ik/lib/pkgconfig/trac_ik.pc'
[0.758s] Level 1:colcon.colcon_core.environment:checking '/home/om/trac_kdl_test/install/trac_ik/lib/python3.10/site-packages'
[0.758s] Level 1:colcon.colcon_core.environment:checking '/home/om/trac_kdl_test/install/trac_ik/bin'
[0.758s] INFO:colcon.colcon_core.shell:Creating package script '/home/om/trac_kdl_test/install/trac_ik/share/trac_ik/package.ps1'
[0.759s] INFO:colcon.colcon_core.shell:Creating package descriptor '/home/om/trac_kdl_test/install/trac_ik/share/trac_ik/package.dsv'
[0.760s] INFO:colcon.colcon_core.shell:Creating package script '/home/om/trac_kdl_test/install/trac_ik/share/trac_ik/package.sh'
[0.760s] INFO:colcon.colcon_core.shell:Creating package script '/home/om/trac_kdl_test/install/trac_ik/share/trac_ik/package.bash'
[0.760s] INFO:colcon.colcon_core.shell:Creating package script '/home/om/trac_kdl_test/install/trac_ik/share/trac_ik/package.zsh'
[0.761s] Level 1:colcon.colcon_core.environment:create_file_with_runtime_dependencies(/home/om/trac_kdl_test/install/trac_ik/share/colcon-core/packages/trac_ik)
[0.761s] DEBUG:colcon.colcon_parallel_executor.executor.parallel:closing loop
[0.761s] DEBUG:colcon.colcon_parallel_executor.executor.parallel:loop closed
[0.761s] DEBUG:colcon.colcon_parallel_executor.executor.parallel:run_until_complete finished with '0'
[0.761s] DEBUG:colcon.colcon_core.event_reactor:joining thread
[0.766s] INFO:colcon.colcon_core.plugin_system:Skipping extension 'colcon_notification.desktop_notification.terminal_notifier': Not used on non-Darwin systems
[0.766s] INFO:colcon.colcon_core.plugin_system:Skipping extension 'colcon_notification.desktop_notification.win32': Not used on non-Windows systems
[0.766s] INFO:colcon.colcon_notification.desktop_notification:Sending desktop notification using 'notify2'
[0.778s] DEBUG:colcon.colcon_core.event_reactor:joined thread
[0.779s] INFO:colcon.colcon_core.shell:Creating prefix script '/home/om/trac_kdl_test/install/local_setup.ps1'
[0.780s] INFO:colcon.colcon_core.shell:Creating prefix util module '/home/om/trac_kdl_test/install/_local_setup_util_ps1.py'
[0.782s] INFO:colcon.colcon_core.shell:Creating prefix chain script '/home/om/trac_kdl_test/install/setup.ps1'
[0.783s] INFO:colcon.colcon_core.shell:Creating prefix script '/home/om/trac_kdl_test/install/local_setup.sh'
[0.783s] INFO:colcon.colcon_core.shell:Creating prefix util module '/home/om/trac_kdl_test/install/_local_setup_util_sh.py'
[0.783s] INFO:colcon.colcon_core.shell:Creating prefix chain script '/home/om/trac_kdl_test/install/setup.sh'
[0.785s] INFO:colcon.colcon_core.shell:Creating prefix script '/home/om/trac_kdl_test/install/local_setup.bash'
[0.785s] INFO:colcon.colcon_core.shell:Creating prefix chain script '/home/om/trac_kdl_test/install/setup.bash'
[0.786s] INFO:colcon.colcon_core.shell:Creating prefix script '/home/om/trac_kdl_test/install/local_setup.zsh'
[0.786s] INFO:colcon.colcon_core.shell:Creating prefix chain script '/home/om/trac_kdl_test/install/setup.zsh'
